  Camera.cpp
  CgShaderHelper.cpp
  PETI, Nem akarja includeolni ezt a retket, nagyon fontos lenne
  common.cpp
  Core.cpp
CL : warning : IShaderManager wiped completely!
  CreateGAPI.cpp
  CreateGraphicsEngine.cpp
  Entity.cpp
src\Entity.cpp(27): warning C4172: returning address of local variable or temporary
  Exception.cpp
  Factory.cpp
  FileUtil.cpp
  PETI, Nem akarja includeolni ezt a retket, nagyon fontos lenne
  Game.cpp
  GeometryBuilder.cpp
  PETI, Nem akarja includeolni ezt a retket, nagyon fontos lenne
  IDLLLoader.cpp
  ILog.cpp
  ITransformable3D.cpp
  IWindow.cpp
  Level.cpp
  lighting.cpp
src\lighting\lighting.cpp(39): warning C4244: '=' : conversion from 'double' to 'float', possible loss of data
src\lighting\lighting.cpp(57): warning C4244: 'initializing' : conversion from 'float' to 'int', possible loss of data
src\lighting\lighting.cpp(72): warning C4244: 'argument' : conversion from 'int' to 'float', possible loss of data
src\lighting\lighting.cpp(73): warning C4244: 'argument' : conversion from 'int' to 'float', possible loss of data
src\lighting\lighting.cpp(74): warning C4244: 'argument' : conversion from 'int' to 'float', possible loss of data
  LogicEngine.cpp
  color.cpp
  Compiling...
  Matrix44.cpp
  Point.cpp
  quat.cpp
  Vec2.cpp
  vec3.cpp
  Vec4.cpp
  tlsf.cpp
  spinlock.cpp
  ThreadPool.cpp
  WorkerThread.cpp
  Renderer.cpp
  RENDERER_ERROR: IShaderManager wiped completely!
  RENDERER_ERROR: IShaderManager wiped completely!
  StrUtil.cpp
  PETI, Nem akarja includeolni ezt a retket, nagyon fontos lenne
  TagParser.cpp
  PETI, Nem akarja includeolni ezt a retket, nagyon fontos lenne
  Timer.cpp
  tipsify.cpp
src\tipsify.cpp(52): warning C4018: '<=' : signed/unsigned mismatch
src\tipsify.cpp(197): warning C4018: '>' : signed/unsigned mismatch
  Transform3D.cpp
  zsString.cpp
cg.lib(cg.dll) : warning LNK4006: __NULL_IMPORT_DESCRIPTOR already defined in assimp.lib(Assimp32.dll); second definition ignored
cgD3D11.lib(cgD3D11.dll) : warning LNK4006: __NULL_IMPORT_DESCRIPTOR already defined in assimp.lib(Assimp32.dll); second definition ignored
cgGL.lib(cgGL.dll) : warning LNK4006: __NULL_IMPORT_DESCRIPTOR already defined in assimp.lib(Assimp32.dll); second definition ignored
d3dcompiler.lib(D3DCOMPILER_43.dll) : warning LNK4006: __NULL_IMPORT_DESCRIPTOR already defined in assimp.lib(Assimp32.dll); second definition ignored
  Core.vcxproj -> F:\Zsiroskenyer-Engine_src\ZsiroskenyerEngine\Release_\Core.lib
